<?xml version="1.0" encoding="UTF-8"?>
<!-- Generated by org.testng.reporters.JUnitReportReporter -->
<testsuite skipped="1" hostname="DDC2-D-7PNR9B2" name="MyDemo_01.MyDemo_01.MyDemo_02Social" tests="3" failures="0" timestamp="19 Jul 2019 09:18:02 GMT" time="0.016" errors="0">
  <testcase name="Google" time="0.016" classname="MyDemo_01.MyDemo_01.MyDemo_02Social"/>
  <testcase name="Twitter" time="0.000" classname="MyDemo_01.MyDemo_01.MyDemo_02Social"/>
  <testcase name="Facebook" classname="MyDemo_01.MyDemo_01.MyDemo_02Social">
    <skipped/>
  </testcase> <!-- Facebook -->
</testsuite> <!-- MyDemo_01.MyDemo_01.MyDemo_02Social -->
