<?xml version="1.0" encoding="UTF-8"?>
<!-- Generated by org.testng.reporters.JUnitReportReporter -->
<testsuite skipped="0" hostname="DDC2-D-7PNR9B2" name="MyDemo_01.MyDemo_01.ReadExcel" tests="1" failures="0" timestamp="22 Jul 2019 09:57:00 GMT" time="3.304" errors="0">
  <testcase name="ExcelSet" time="3.304" classname="MyDemo_01.MyDemo_01.ReadExcel"/>
</testsuite> <!-- MyDemo_01.MyDemo_01.ReadExcel -->
