<?xml version="1.0" encoding="UTF-8"?>
<!-- Generated by org.testng.reporters.JUnitReportReporter -->
<testsuite skipped="0" hostname="DDC2-D-7PNR9B2" name="Demo567.Extentreports" tests="1" failures="0" timestamp="23 Jul 2019 04:39:47 GMT" time="47.211" errors="0">
  <testcase name="Login" time="47.211" classname="Demo567.Extentreports"/>
</testsuite> <!-- Demo567.Extentreports -->
