<?xml version="1.0" encoding="UTF-8"?>
<!-- Generated by org.testng.reporters.JUnitReportReporter -->
<testsuite skipped="0" hostname="DDC2-D-7PNR9B2" name="MyDemo_01.MyDemo_01.MyDemo01Package" tests="2" failures="0" timestamp="19 Jul 2019 10:11:47 GMT" time="0.016" errors="0">
  <testcase name="method3" time="0.001" classname="MyDemo_01.MyDemo_01.MyDemo01Package"/>
  <testcase name="method1" time="0.015" classname="MyDemo_01.MyDemo_01.MyDemo01Package"/>
</testsuite> <!-- MyDemo_01.MyDemo_01.MyDemo01Package -->
