<?xml version="1.0" encoding="UTF-8"?>
<!-- Generated by org.testng.reporters.JUnitReportReporter -->
<testsuite skipped="0" hostname="DDC2-D-7PNR9B2" name="pack1.OnlineShoppingTest" tests="3" failures="0" timestamp="23 Jul 2019 06:39:53 GMT" time="62.352" errors="0">
  <testcase name="testLogin" time="24.678" classname="pack1.OnlineShoppingTest"/>
  <testcase name="testCart" time="18.264" classname="pack1.OnlineShoppingTest"/>
  <testcase name="testPayment" time="19.410" classname="pack1.OnlineShoppingTest"/>
</testsuite> <!-- pack1.OnlineShoppingTest -->
