<?xml version="1.0" encoding="UTF-8"?>
<!-- Generated by org.testng.reporters.JUnitReportReporter -->
<testsuite skipped="0" hostname="DDC2-D-7PNR9B2" name="MyDemo_01.MyDemo_01.Mydemo321" tests="2" failures="0" timestamp="19 Jul 2019 09:05:21 GMT" time="0.030" errors="0">
  <testcase name="f" time="0.025" classname="MyDemo_01.MyDemo_01.Mydemo321"/>
  <testcase name="f" time="0.005" classname="MyDemo_01.MyDemo_01.Mydemo321"/>
</testsuite> <!-- MyDemo_01.MyDemo_01.Mydemo321 -->
