<?xml version="1.0" encoding="UTF-8"?>
<!-- Generated by org.testng.reporters.JUnitReportReporter -->
<testsuite skipped="0" hostname="DDC2-D-7PNR9B2" name="MyDemo_01.MyDemo_01.MyDemo_02TestPackage02" tests="3" failures="0" timestamp="19 Jul 2019 10:11:47 GMT" time="0.008" errors="0">
  <testcase name="method5" time="0.004" classname="MyDemo_01.MyDemo_01.MyDemo_02TestPackage02"/>
  <testcase name="method6" time="0.003" classname="MyDemo_01.MyDemo_01.MyDemo_02TestPackage02"/>
  <testcase name="method4" time="0.001" classname="MyDemo_01.MyDemo_01.MyDemo_02TestPackage02"/>
</testsuite> <!-- MyDemo_01.MyDemo_01.MyDemo_02TestPackage02 -->
