<?xml version="1.0" encoding="UTF-8"?>
<!-- Generated by org.testng.reporters.JUnitReportReporter -->
<testsuite skipped="0" hostname="DDC2-D-7PNR9B2" name="Demo567.MyDemo567" tests="1" failures="0" timestamp="19 Jul 2019 05:02:18 GMT" time="24.629" errors="0">
  <testcase name="launch" time="24.629" classname="Demo567.MyDemo567"/>
</testsuite> <!-- Demo567.MyDemo567 -->
