<?xml version="1.0" encoding="UTF-8"?>
<!-- Generated by org.testng.reporters.JUnitReportReporter -->
<testsuite skipped="0" hostname="DDC2-D-7PNR9B2" name="MyDemo_01.MyDemo_01.MyDemo_02Test" tests="4" failures="0" timestamp="19 Jul 2019 09:31:38 GMT" time="0.020" errors="0">
  <testcase name="f" time="0.001" classname="MyDemo_01.MyDemo_01.MyDemo_02Test"/>
  <testcase name="f" time="0.013" classname="MyDemo_01.MyDemo_01.MyDemo_02Test"/>
  <testcase name="f" time="0.003" classname="MyDemo_01.MyDemo_01.MyDemo_02Test"/>
  <testcase name="f" time="0.003" classname="MyDemo_01.MyDemo_01.MyDemo_02Test"/>
</testsuite> <!-- MyDemo_01.MyDemo_01.MyDemo_02Test -->
