<?xml version="1.0" encoding="UTF-8"?>
<!-- Generated by org.testng.reporters.JUnitReportReporter -->
<testsuite skipped="0" hostname="DDC2-D-7PNR9B2" name="demo456.NewTest895" tests="1" failures="0" timestamp="17 Jul 2019 13:56:33 GMT" time="0.012" errors="0">
  <testcase name="f" time="0.012" classname="demo456.NewTest895"/>
</testsuite> <!-- demo456.NewTest895 -->
