<?xml version="1.0" encoding="UTF-8"?>
<!-- Generated by org.testng.reporters.JUnitReportReporter -->
<testsuite skipped="0" hostname="DDC2-D-7PNR9B2" name="demo2.NewTest45623TestTest" tests="1" failures="0" timestamp="18 Jul 2019 07:16:31 GMT" time="25.660" errors="0">
  <testcase name="f" time="25.660" classname="demo2.NewTest45623TestTest"/>
</testsuite> <!-- demo2.NewTest45623TestTest -->
