<?xml version="1.0" encoding="UTF-8"?>
<!-- Generated by org.testng.reporters.JUnitReportReporter -->
<testsuite skipped="0" hostname="DDC2-D-7PNR9B2" name="demo567.Demo567" tests="1" failures="0" timestamp="18 Jul 2019 13:08:10 GMT" time="29.759" errors="0">
  <testcase name="f" time="29.759" classname="demo567.Demo567"/>
</testsuite> <!-- demo567.Demo567 -->
