<?xml version="1.0" encoding="UTF-8"?>
<!-- Generated by org.testng.reporters.JUnitReportReporter -->
<testsuite skipped="0" hostname="DDC2-D-7PNR9B2" name="demo456.NewTest45623Test" tests="2" failures="0" timestamp="18 Jul 2019 06:06:42 GMT" time="132.924" errors="0">
  <testcase name="login" time="46.707" classname="demo456.NewTest45623Test"/>
  <testcase name="login" time="86.217" classname="demo456.NewTest45623Test"/>
</testsuite> <!-- demo456.NewTest45623Test -->
