<?xml version="1.0" encoding="UTF-8"?>
<!-- Generated by org.testng.reporters.JUnitReportReporter -->
<testsuite skipped="0" hostname="DDC2-D-7PNR9B2" name="demo456.Demo135" tests="1" failures="0" timestamp="18 Jul 2019 11:29:33 GMT" time="20.416" errors="0">
  <testcase name="f" time="20.416" classname="demo456.Demo135"/>
</testsuite> <!-- demo456.Demo135 -->
