<?xml version="1.0" encoding="UTF-8"?>
<!-- Generated by org.testng.reporters.JUnitReportReporter -->
<testsuite skipped="0" hostname="DDC2-D-7PNR9B2" name="demo04.NewTest45623TestTest" tests="1" failures="0" timestamp="18 Jul 2019 10:00:16 GMT" time="101.626" errors="0">
  <testcase name="f" time="101.626" classname="demo04.NewTest45623TestTest"/>
</testsuite> <!-- demo04.NewTest45623TestTest -->
