<?xml version="1.0" encoding="UTF-8"?>
<!-- Generated by org.testng.reporters.JUnitReportReporter -->
<testsuite skipped="0" hostname="DDC2-D-7PNR9B2" name="demo456.NewTest45623TestTest" tests="1" failures="0" timestamp="18 Jul 2019 06:32:08 GMT" time="0.000" errors="0">
  <testcase name="f" time="0.000" classname="demo456.NewTest45623TestTest"/>
</testsuite> <!-- demo456.NewTest45623TestTest -->
