<?xml version="1.0" encoding="UTF-8"?>
<!-- Generated by org.testng.reporters.JUnitReportReporter -->
<testsuite skipped="0" hostname="DDC2-D-7PNR9B2" name="demo456.Demo1234" tests="1" failures="0" timestamp="18 Jul 2019 10:52:31 GMT" time="14.972" errors="0">
  <testcase name="pass" time="14.972" classname="demo456.Demo1234"/>
</testsuite> <!-- demo456.Demo1234 -->
