<?xml version="1.0" encoding="UTF-8"?>
<!-- Generated by org.testng.reporters.JUnitReportReporter -->
<testsuite skipped="0" hostname="DDC2-D-7PNR9B2" name="demo456.NewTest45623" tests="2" failures="0" timestamp="18 Jul 2019 04:05:54 GMT" time="0.018" errors="0">
  <testcase name="f" time="0.013" classname="demo456.NewTest45623"/>
  <testcase name="f" time="0.005" classname="demo456.NewTest45623"/>
</testsuite> <!-- demo456.NewTest45623 -->
